<?xml version="1.0" encoding="UTF-8"?>
<testng-results ignored="0" total="1" passed="1" failed="0" skipped="0">
  <reporter-output>
  </reporter-output>
  <suite started-at="2022-10-10T19:11:54 IST" name="Suite" finished-at="2022-10-10T19:12:11 IST" duration-ms="16304">
    <groups>
    </groups>
    <test started-at="2022-10-10T19:11:54 IST" name="Test" finished-at="2022-10-10T19:12:11 IST" duration-ms="16304">
      <class name="testpractice.TC_Login">
        <test-method signature="login()[pri:0, instance:testpractice.TC_Login@61d6015a]" started-at="2022-10-10T19:11:55 IST" name="login" finished-at="2022-10-10T19:12:11 IST" duration-ms="16190" status="PASS">
          <reporter-output>
          </reporter-output>
        </test-method> <!-- login -->
      </class> <!-- testpractice.TC_Login -->
    </test> <!-- Test -->
  </suite> <!-- Suite -->
</testng-results>
